<?xml version="1.0" encoding="UTF-8"?>
<testng-results ignored="0" total="1" passed="1" failed="0" skipped="0">
  <reporter-output>
  </reporter-output>
  <suite started-at="2024-07-04T12:04:06 IST" name="Default suite" finished-at="2024-07-04T12:04:56 IST" duration-ms="50824">
    <groups>
    </groups>
    <test started-at="2024-07-04T12:04:06 IST" name="Default test" finished-at="2024-07-04T12:04:56 IST" duration-ms="50824">
      <class name="com.cjc.mt.webapp.test.LoginTest">
        <test-method signature="loginTest()[pri:0, instance:com.cjc.mt.webapp.test.LoginTest@2dde1bff]" started-at="2024-07-04T12:04:06 IST" name="loginTest" finished-at="2024-07-04T12:04:56 IST" duration-ms="50721" status="PASS">
          <reporter-output>
          </reporter-output>
        </test-method> <!-- loginTest -->
      </class> <!-- com.cjc.mt.webapp.test.LoginTest -->
    </test> <!-- Default test -->
  </suite> <!-- Default suite -->
</testng-results>
